[12-Dec-2024 16:45:52 UTC] PHP Fatal error:  Uncaught TypeError: ltrim(): Argument #1 ($string) must be of type string, array given in C:\laragon\www\cahavin\wp-includes\formatting.php:4467
Stack trace:
#0 C:\laragon\www\cahavin\wp-includes\formatting.php(4467): ltrim(Array)
#1 C:\laragon\www\cahavin\wp-content\themes\chavin\template-contactanos.php(51): esc_url(Array)
#2 C:\laragon\www\cahavin\wp-includes\template-loader.php(106): include('C:\\laragon\\www\\...')
#3 C:\laragon\www\cahavin\wp-blog-header.php(19): require_once('C:\\laragon\\www\\...')
#4 C:\laragon\www\cahavin\index.php(17): require('C:\\laragon\\www\\...')
#5 {main}
  thrown in C:\laragon\www\cahavin\wp-includes\formatting.php on line 4467
[12-Dec-2024 16:46:05 UTC] PHP Fatal error:  Uncaught TypeError: ltrim(): Argument #1 ($string) must be of type string, array given in C:\laragon\www\cahavin\wp-includes\formatting.php:4467
Stack trace:
#0 C:\laragon\www\cahavin\wp-includes\formatting.php(4467): ltrim(Array)
#1 C:\laragon\www\cahavin\wp-content\themes\chavin\template-contactanos.php(51): esc_url(Array)
#2 C:\laragon\www\cahavin\wp-includes\template-loader.php(106): include('C:\\laragon\\www\\...')
#3 C:\laragon\www\cahavin\wp-blog-header.php(19): require_once('C:\\laragon\\www\\...')
#4 C:\laragon\www\cahavin\index.php(17): require('C:\\laragon\\www\\...')
#5 {main}
  thrown in C:\laragon\www\cahavin\wp-includes\formatting.php on line 4467
[12-Dec-2024 16:46:48 UTC] PHP Warning:  Undefined variable $titulo in C:\laragon\www\cahavin\wp-content\themes\chavin\template-contactanos.php on line 42
[12-Dec-2024 16:46:48 UTC] PHP Warning:  Undefined variable $titulo in C:\laragon\www\cahavin\wp-content\themes\chavin\template-contactanos.php on line 47
[12-Dec-2024 16:46:48 UTC] PHP Warning:  Undefined variable $info_contacto in C:\laragon\www\cahavin\wp-content\themes\chavin\template-contactanos.php on line 50
[12-Dec-2024 16:46:48 UTC] PHP Warning:  Undefined variable $nombre in C:\laragon\www\cahavin\wp-content\themes\chavin\template-contactanos.php on line 64
[12-Dec-2024 16:46:48 UTC] PHP Warning:  Undefined variable $empresa in C:\laragon\www\cahavin\wp-content\themes\chavin\template-contactanos.php on line 68
[12-Dec-2024 16:46:48 UTC] PHP Warning:  Undefined variable $celular in C:\laragon\www\cahavin\wp-content\themes\chavin\template-contactanos.php on line 71
[12-Dec-2024 16:46:48 UTC] PHP Warning:  Undefined variable $correo in C:\laragon\www\cahavin\wp-content\themes\chavin\template-contactanos.php on line 75
[12-Dec-2024 16:46:48 UTC] PHP Warning:  Undefined variable $seleccion in C:\laragon\www\cahavin\wp-content\themes\chavin\template-contactanos.php on line 81
[12-Dec-2024 16:46:48 UTC] PHP Warning:  Undefined variable $pais in C:\laragon\www\cahavin\wp-content\themes\chavin\template-contactanos.php on line 87
[12-Dec-2024 16:46:57 UTC] PHP Fatal error:  Uncaught TypeError: ltrim(): Argument #1 ($string) must be of type string, array given in C:\laragon\www\cahavin\wp-includes\formatting.php:4467
Stack trace:
#0 C:\laragon\www\cahavin\wp-includes\formatting.php(4467): ltrim(Array)
#1 C:\laragon\www\cahavin\wp-content\themes\chavin\template-contactanos.php(53): esc_url(Array)
#2 C:\laragon\www\cahavin\wp-includes\template-loader.php(106): include('C:\\laragon\\www\\...')
#3 C:\laragon\www\cahavin\wp-blog-header.php(19): require_once('C:\\laragon\\www\\...')
#4 C:\laragon\www\cahavin\index.php(17): require('C:\\laragon\\www\\...')
#5 {main}
  thrown in C:\laragon\www\cahavin\wp-includes\formatting.php on line 4467
[12-Dec-2024 16:48:24 UTC] PHP Warning:  Array to string conversion in C:\laragon\www\cahavin\wp-content\themes\chavin\template-contactanos.php on line 53
[12-Dec-2024 16:48:24 UTC] PHP Warning:  Array to string conversion in C:\laragon\www\cahavin\wp-content\themes\chavin\template-contactanos.php on line 53
[12-Dec-2024 16:48:24 UTC] PHP Warning:  Array to string conversion in C:\laragon\www\cahavin\wp-content\themes\chavin\template-contactanos.php on line 53
[12-Dec-2024 17:13:27 UTC] PHP Fatal error:  Uncaught TypeError: ltrim(): Argument #1 ($string) must be of type string, array given in C:\laragon\www\cahavin\wp-includes\formatting.php:4467
Stack trace:
#0 C:\laragon\www\cahavin\wp-includes\formatting.php(4467): ltrim(Array)
#1 C:\laragon\www\cahavin\wp-content\themes\chavin\template-nosotros.php(25): esc_url(Array)
#2 C:\laragon\www\cahavin\wp-includes\template-loader.php(106): include('C:\\laragon\\www\\...')
#3 C:\laragon\www\cahavin\wp-blog-header.php(19): require_once('C:\\laragon\\www\\...')
#4 C:\laragon\www\cahavin\index.php(17): require('C:\\laragon\\www\\...')
#5 {main}
  thrown in C:\laragon\www\cahavin\wp-includes\formatting.php on line 4467
[12-Dec-2024 17:14:06 UTC] PHP Warning:  Array to string conversion in C:\laragon\www\cahavin\wp-content\themes\chavin\template-nosotros.php on line 25
[12-Dec-2024 17:14:34 UTC] PHP Warning:  Array to string conversion in C:\laragon\www\cahavin\wp-content\themes\chavin\template-nosotros.php on line 25
[12-Dec-2024 18:14:31 UTC] Automatic updates starting...
[12-Dec-2024 18:14:32 UTC] Automatic updates complete.
[13-Dec-2024 17:04:08 UTC] Automatic updates starting...
[13-Dec-2024 17:04:09 UTC] Automatic updates complete.
[13-Dec-2024 18:32:12 UTC] Automatic updates starting...
[13-Dec-2024 18:32:12 UTC] Automatic updates complete.
[23-Dec-2024 20:16:23 UTC] Automatic updates starting...
[23-Dec-2024 20:16:24 UTC] Automatic updates complete.
